2024-05-15 19:14:12,434 [INFO] Activator:176 - 


2024-05-15 19:14:12,442 [INFO] Activator:177 - !SESSION log4j initialized
2024-05-15 19:14:22,545 [INFO] LogOutputStream:77 - [STDOUT_REDIRECT] 
2024-05-15 19:14:26,403 [INFO] ApplicationProperties:184 - Using Application install path: F:\biyesheji\STM32CubeIDE_1.13.2\STM32CubeIDE\plugins\com.st.stm32cube.common.mx_6.9.2.202309101412
2024-05-15 19:14:26,447 [INFO] DbMcusXml:78 - Set database path to: F:\biyesheji\STM32CubeIDE_1.13.2\STM32CubeIDE\plugins\com.st.stm32cube.common.mx_6.9.2.202309101412\\db\/mcu/
2024-05-15 19:14:26,448 [INFO] ApiDb:274 - Set plugin database path to: F:\biyesheji\STM32CubeIDE_1.13.2\STM32CubeIDE\plugins\com.st.stm32cube.common.mx_6.9.2.202309101412\\db\/plugins/boardmanager/
2024-05-15 19:14:26,448 [WARN] ApiDb:259 - Overriding images path with different value:  => F:\biyesheji\STM32CubeIDE_1.13.2\STM32CubeIDE\plugins\com.st.stm32cube.common.mx_6.9.2.202309101412\\db\/plugins/mcufinder/images/
2024-05-15 19:14:26,499 [INFO] ApiDb:250 - Set database path to: C:\Users\LENOVO\.stmcufinder\plugins\mcufinder//mcu/
2024-05-15 19:14:26,501 [INFO] DbMcusAds:125 - Set database path to: C:\Users\LENOVO\.stmcufinder\plugins\mcufinder//mcu/
2024-05-15 19:14:26,503 [INFO] CrossReferenceDbSqlite:203 - Set database path to: C:\Users\LENOVO\.stmcufinder\plugins\mcufinder//mcu/cs/
2024-05-15 19:14:26,695 [INFO] RulesReader:64 - Compatibility file has been processed (293 Rules)
2024-05-15 19:14:26,903 [INFO] DbMcusXml:78 - Set database path to: F:\biyesheji\STM32CubeIDE_1.13.2\STM32CubeIDE\plugins\com.st.stm32cube.common.mx_6.9.2.202309101412\\db\/mcu/
2024-05-15 19:14:26,904 [INFO] ApiDb:274 - Set plugin database path to: F:\biyesheji\STM32CubeIDE_1.13.2\STM32CubeIDE\plugins\com.st.stm32cube.common.mx_6.9.2.202309101412\\db\/plugins/boardmanager/
2024-05-15 19:14:26,904 [INFO] ApiDb:261 - Set plugin images path to: F:\biyesheji\STM32CubeIDE_1.13.2\STM32CubeIDE\plugins\com.st.stm32cube.common.mx_6.9.2.202309101412\\db\/plugins/mcufinder/images/
2024-05-15 19:14:26,904 [WARN] DbFile:41 - Overriding database path with different value: C:\Users\LENOVO\.stmcufinder\plugins\mcufinder/ => C:\Users\LENOVO\.stmcufinder\plugins\mcufinder
2024-05-15 19:14:26,904 [INFO] ApiDb:250 - Set database path to: C:\Users\LENOVO\.stmcufinder\plugins\mcufinder//mcu/
2024-05-15 19:14:26,904 [WARN] DbFile:41 - Overriding database path with different value: C:\Users\LENOVO\.stmcufinder\plugins\mcufinder/ => C:\Users\LENOVO\.stmcufinder\plugins\mcufinder
2024-05-15 19:14:26,905 [INFO] DbMcusAds:125 - Set database path to: C:\Users\LENOVO\.stmcufinder\plugins\mcufinder//mcu/
2024-05-15 19:14:26,905 [WARN] DbFile:41 - Overriding database path with different value: C:\Users\LENOVO\.stmcufinder\plugins\mcufinder/ => C:\Users\LENOVO\.stmcufinder\plugins\mcufinder
2024-05-15 19:14:26,905 [WARN] DbFile:41 - Overriding database path with different value: C:\Users\LENOVO\.stmcufinder\plugins\mcufinder/ => C:\Users\LENOVO\.stmcufinder\plugins\mcufinder
2024-05-15 19:14:26,905 [INFO] CrossReferenceDbSqlite:203 - Set database path to: C:\Users\LENOVO\.stmcufinder\plugins\mcufinder//mcu/cs/
2024-05-15 19:14:27,051 [INFO] MainPanel:262 - HeapMemory: 268435456
2024-05-15 19:14:27,237 [INFO] DbMcusXml:78 - Set database path to: F:\biyesheji\STM32CubeIDE_1.13.2\STM32CubeIDE\plugins\com.st.stm32cube.common.mx_6.9.2.202309101412\\db\/mcu/
2024-05-15 19:14:27,237 [INFO] ApiDb:274 - Set plugin database path to: F:\biyesheji\STM32CubeIDE_1.13.2\STM32CubeIDE\plugins\com.st.stm32cube.common.mx_6.9.2.202309101412\\db\/plugins/boardmanager/
2024-05-15 19:14:27,237 [INFO] ApiDb:261 - Set plugin images path to: F:\biyesheji\STM32CubeIDE_1.13.2\STM32CubeIDE\plugins\com.st.stm32cube.common.mx_6.9.2.202309101412\\db\/plugins/mcufinder/images/
2024-05-15 19:14:27,238 [WARN] DbFile:41 - Overriding database path with different value: C:\Users\LENOVO\.stmcufinder\plugins\mcufinder/ => C:\Users\LENOVO\.stmcufinder\plugins\mcufinder
2024-05-15 19:14:27,238 [INFO] ApiDb:250 - Set database path to: C:\Users\LENOVO\.stmcufinder\plugins\mcufinder//mcu/
2024-05-15 19:14:27,238 [WARN] DbFile:41 - Overriding database path with different value: C:\Users\LENOVO\.stmcufinder\plugins\mcufinder/ => C:\Users\LENOVO\.stmcufinder\plugins\mcufinder
2024-05-15 19:14:27,239 [INFO] DbMcusAds:125 - Set database path to: C:\Users\LENOVO\.stmcufinder\plugins\mcufinder//mcu/
2024-05-15 19:14:27,239 [WARN] DbFile:41 - Overriding database path with different value: C:\Users\LENOVO\.stmcufinder\plugins\mcufinder/ => C:\Users\LENOVO\.stmcufinder\plugins\mcufinder
2024-05-15 19:14:27,239 [WARN] DbFile:41 - Overriding database path with different value: C:\Users\LENOVO\.stmcufinder\plugins\mcufinder/ => C:\Users\LENOVO\.stmcufinder\plugins\mcufinder
2024-05-15 19:14:27,239 [INFO] CrossReferenceDbSqlite:203 - Set database path to: C:\Users\LENOVO\.stmcufinder\plugins\mcufinder//mcu/cs/
2024-05-15 19:14:27,273 [INFO] ApplicationProperties:184 - Using Application install path: F:\biyesheji\STM32CubeIDE_1.13.2\STM32CubeIDE\plugins\com.st.stm32cube.common.mx_6.9.2.202309101412
2024-05-15 19:14:27,275 [INFO] PluginManage:196 - Search for loadable plugins [exclusion list=, ]
2024-05-15 19:14:27,276 [INFO] PluginManage:310 - Check plugin analytics
2024-05-15 19:14:27,523 [INFO] AnalyticsPlugin:253 - Accepted Software Licenses: 
2024-05-15 19:14:27,524 [INFO] AnalyticsPlugin:255 - Accepted CMSIS Pack Licenses: 
2024-05-15 19:14:27,524 [INFO] AnalyticsPlugin:257 - Accepted Firmware Licenses: 
2024-05-15 19:14:27,529 [INFO] PluginManage:359 - Loaded plugin analytics (category:tool,tabindex:-1)
2024-05-15 19:14:27,530 [INFO] PluginManage:310 - Check plugin cadmodel
2024-05-15 19:14:27,550 [INFO] CADModel:105 - Init CAD model plugin
2024-05-15 19:14:27,551 [INFO] PluginManage:359 - Loaded plugin cadmodel (category:power,tabindex:5)
2024-05-15 19:14:27,551 [INFO] PluginManage:310 - Check plugin clock
2024-05-15 19:14:27,564 [INFO] PluginManage:359 - Loaded plugin clock (category:base,tabindex:2)
2024-05-15 19:14:27,564 [INFO] PluginManage:310 - Check plugin ddr
2024-05-15 19:14:27,568 [INFO] PluginManage:359 - Loaded plugin ddr (category:tool,tabindex:6)
2024-05-15 19:14:27,568 [INFO] PluginManage:310 - Check plugin filemanager
2024-05-15 19:14:27,827 [INFO] PluginManage:359 - Loaded plugin filemanager (category:base,tabindex:10)
2024-05-15 19:14:27,828 [INFO] PluginManage:310 - Check plugin ipmanager
2024-05-15 19:14:27,839 [INFO] PluginManage:359 - Loaded plugin ipmanager (category:base,tabindex:5)
2024-05-15 19:14:27,840 [INFO] PluginManage:310 - Check plugin lpbam
2024-05-15 19:14:27,850 [INFO] PluginManage:359 - Loaded plugin lpbam (category:base,tabindex:0)
2024-05-15 19:14:27,851 [INFO] PluginManage:310 - Check plugin memorymap
2024-05-15 19:14:27,890 [INFO] PluginManage:359 - Loaded plugin memorymap (category:base,tabindex:4)
2024-05-15 19:14:27,891 [INFO] PluginManage:310 - Check plugin pinoutandconfiguration
2024-05-15 19:14:27,898 [INFO] PluginManage:359 - Loaded plugin pinoutandconfiguration (category:base,tabindex:1)
2024-05-15 19:14:27,899 [INFO] PluginManage:310 - Check plugin pinoutconfig
2024-05-15 19:14:28,034 [WARN] SupportedApi:132 - Cannot load RTOS API schema: s4s-elt-must-match.1: The content of 'definitions' must match (annotation?, (simpleType | complexType)?, (unique | key | keyref)*)). A problem was found starting at: attribute.
2024-05-15 19:14:28,265 [INFO] PluginManage:359 - Loaded plugin pinoutconfig (category:base,tabindex:0)
2024-05-15 19:14:28,265 [INFO] PluginManage:310 - Check plugin power
2024-05-15 19:14:28,328 [INFO] PluginManage:359 - Loaded plugin power (category:power,tabindex:4)
2024-05-15 19:14:28,329 [INFO] PluginManage:310 - Check plugin projectmanager
2024-05-15 19:14:28,348 [INFO] PluginManage:359 - Loaded plugin projectmanager (category:projectmanager,tabindex:3)
2024-05-15 19:14:28,348 [INFO] PluginManage:310 - Check plugin thirdparty
2024-05-15 19:14:28,674 [WARN] IntegrityCheckThread:84 - waiting for thirdparty lock release [integrity check]
2024-05-15 19:14:28,675 [INFO] IntegrityCheckThread:86 - entering critical section [integrity check]
2024-05-15 19:14:28,676 [INFO] ThirdPartyUpdaterWithRetryManager:70 - Updater plugin not ready yet. [1/15]
2024-05-15 19:14:28,676 [INFO] PluginManage:359 - Loaded plugin thirdparty (category:base,tabindex:-1)
2024-05-15 19:14:28,676 [INFO] PluginManage:310 - Check plugin tools
2024-05-15 19:14:28,678 [INFO] PluginManage:359 - Loaded plugin tools (category:base,tabindex:7)
2024-05-15 19:14:28,678 [INFO] PluginManage:310 - Check plugin tutovideos
2024-05-15 19:14:28,946 [INFO] PluginManage:359 - Loaded plugin tutovideos (category:base,tabindex:-1)
2024-05-15 19:14:28,946 [INFO] PluginManage:310 - Check plugin updater
2024-05-15 19:14:28,956 [INFO] PluginManage:359 - Loaded plugin updater (category:base,tabindex:12)
2024-05-15 19:14:28,957 [INFO] PluginManage:310 - Check plugin userauth
2024-05-15 19:14:28,981 [INFO] UserAuth:113 - Init User Auth plugin
2024-05-15 19:14:28,981 [INFO] PluginManage:359 - Loaded plugin userauth (category:base,tabindex:14)
2024-05-15 19:14:28,981 [INFO] PluginManage:283 - PluginManage : Loaded plugins [17]
2024-05-15 19:14:29,265 [INFO] PinOutPanel:1499 - setPackage(No Configuration,No Configuration)
2024-05-15 19:14:29,498 [INFO] CADModel:165 - CPN selected for project level
2024-05-15 19:14:29,498 [INFO] CADModel:114 - Register for checkConnection events
2024-05-15 19:14:29,518 [INFO] IPUIPlugin:80 - create IPUIPlugin
2024-05-15 19:14:29,518 [INFO] PluginManager:220 - loadIPPluginJar : add adc
2024-05-15 19:14:29,521 [INFO] IPUIPlugin:80 - create IPUIPlugin
2024-05-15 19:14:29,521 [INFO] PluginManager:220 - loadIPPluginJar : add aes
2024-05-15 19:14:29,523 [INFO] IPUIPlugin:80 - create IPUIPlugin
2024-05-15 19:14:29,523 [INFO] PluginManager:220 - loadIPPluginJar : add can
2024-05-15 19:14:29,525 [INFO] IPUIPlugin:80 - create IPUIPlugin
2024-05-15 19:14:29,525 [INFO] PluginManager:220 - loadIPPluginJar : add comp
2024-05-15 19:14:29,528 [INFO] IPUIPlugin:80 - create IPUIPlugin
2024-05-15 19:14:29,528 [INFO] PluginManager:220 - loadIPPluginJar : add cryp
2024-05-15 19:14:29,530 [INFO] IPUIPlugin:80 - create IPUIPlugin
2024-05-15 19:14:29,530 [INFO] PluginManager:220 - loadIPPluginJar : add dfsdm
2024-05-15 19:14:29,536 [INFO] IPUIPlugin:80 - create IPUIPlugin
2024-05-15 19:14:29,536 [INFO] PluginManager:220 - loadIPPluginJar : add dma
2024-05-15 19:14:29,538 [INFO] IPUIPlugin:80 - create IPUIPlugin
2024-05-15 19:14:29,539 [INFO] PluginManager:220 - loadIPPluginJar : add dma3
2024-05-15 19:14:29,540 [INFO] IPUIPlugin:80 - create IPUIPlugin
2024-05-15 19:14:29,540 [INFO] PluginManager:220 - loadIPPluginJar : add fatfs
2024-05-15 19:14:29,544 [INFO] IPUIPlugin:80 - create IPUIPlugin
2024-05-15 19:14:29,544 [INFO] PluginManager:220 - loadIPPluginJar : add fmc
2024-05-15 19:14:29,549 [INFO] IPUIPlugin:80 - create IPUIPlugin
2024-05-15 19:14:29,549 [INFO] PluginManager:220 - loadIPPluginJar : add freertos
2024-05-15 19:14:29,551 [INFO] IPUIPlugin:80 - create IPUIPlugin
2024-05-15 19:14:29,551 [INFO] PluginManager:220 - loadIPPluginJar : add genericplugin
2024-05-15 19:14:29,553 [INFO] IPUIPlugin:80 - create IPUIPlugin
2024-05-15 19:14:29,553 [INFO] PluginManager:220 - loadIPPluginJar : add gfxmmu
2024-05-15 19:14:29,558 [INFO] IPUIPlugin:80 - create IPUIPlugin
2024-05-15 19:14:29,558 [INFO] PluginManager:220 - loadIPPluginJar : add gic
2024-05-15 19:14:29,562 [INFO] IPUIPlugin:80 - create IPUIPlugin
2024-05-15 19:14:29,562 [INFO] PluginManager:220 - loadIPPluginJar : add gpio
2024-05-15 19:14:29,564 [INFO] IPUIPlugin:80 - create IPUIPlugin
2024-05-15 19:14:29,564 [INFO] PluginManager:220 - loadIPPluginJar : add gtzc
2024-05-15 19:14:29,566 [INFO] IPUIPlugin:80 - create IPUIPlugin
2024-05-15 19:14:29,566 [INFO] PluginManager:220 - loadIPPluginJar : add hash
2024-05-15 19:14:29,568 [INFO] IPUIPlugin:80 - create IPUIPlugin
2024-05-15 19:14:29,569 [INFO] PluginManager:220 - loadIPPluginJar : add i2c
2024-05-15 19:14:29,571 [INFO] IPUIPlugin:80 - create IPUIPlugin
2024-05-15 19:14:29,571 [INFO] PluginManager:220 - loadIPPluginJar : add i2s
2024-05-15 19:14:29,574 [INFO] IPUIPlugin:80 - create IPUIPlugin
2024-05-15 19:14:29,574 [INFO] PluginManager:220 - loadIPPluginJar : add i3c
2024-05-15 19:14:29,584 [INFO] IPUIPlugin:80 - create IPUIPlugin
2024-05-15 19:14:29,584 [INFO] PluginManager:220 - loadIPPluginJar : add ipddr
2024-05-15 19:14:29,593 [INFO] IPUIPlugin:80 - create IPUIPlugin
2024-05-15 19:14:29,593 [INFO] PluginManager:220 - loadIPPluginJar : add linkedlist
2024-05-15 19:14:29,595 [INFO] IPUIPlugin:80 - create IPUIPlugin
2024-05-15 19:14:29,596 [INFO] PluginManager:220 - loadIPPluginJar : add lorawan
2024-05-15 19:14:29,597 [INFO] IPUIPlugin:80 - create IPUIPlugin
2024-05-15 19:14:29,597 [INFO] PluginManager:220 - loadIPPluginJar : add ltdc
2024-05-15 19:14:29,604 [INFO] IPUIPlugin:80 - create IPUIPlugin
2024-05-15 19:14:29,604 [INFO] PluginManager:220 - loadIPPluginJar : add mdma
2024-05-15 19:14:29,607 [INFO] IPUIPlugin:80 - create IPUIPlugin
2024-05-15 19:14:29,608 [INFO] PluginManager:220 - loadIPPluginJar : add nvic
2024-05-15 19:14:29,610 [INFO] IPUIPlugin:80 - create IPUIPlugin
2024-05-15 19:14:29,610 [INFO] PluginManager:220 - loadIPPluginJar : add opamp
2024-05-15 19:14:29,613 [INFO] IPUIPlugin:80 - create IPUIPlugin
2024-05-15 19:14:29,613 [INFO] PluginManager:220 - loadIPPluginJar : add openamp
2024-05-15 19:14:29,616 [INFO] IPUIPlugin:80 - create IPUIPlugin
2024-05-15 19:14:29,616 [INFO] PluginManager:220 - loadIPPluginJar : add pdm2pcm
2024-05-15 19:14:29,623 [INFO] IPUIPlugin:80 - create IPUIPlugin
2024-05-15 19:14:29,626 [INFO] PluginManager:220 - loadIPPluginJar : add plateformsettings
2024-05-15 19:14:29,637 [INFO] IPUIPlugin:80 - create IPUIPlugin
2024-05-15 19:14:29,638 [INFO] PluginManager:220 - loadIPPluginJar : add quadspi
2024-05-15 19:14:29,641 [INFO] IPUIPlugin:80 - create IPUIPlugin
2024-05-15 19:14:29,641 [INFO] PluginManager:220 - loadIPPluginJar : add resmgrutility
2024-05-15 19:14:29,644 [INFO] IPUIPlugin:80 - create IPUIPlugin
2024-05-15 19:14:29,644 [INFO] PluginManager:220 - loadIPPluginJar : add sai
2024-05-15 19:14:29,647 [INFO] IPUIPlugin:80 - create IPUIPlugin
2024-05-15 19:14:29,647 [INFO] PluginManager:220 - loadIPPluginJar : add spi
2024-05-15 19:14:29,653 [INFO] IPUIPlugin:80 - create IPUIPlugin
2024-05-15 19:14:29,653 [INFO] PluginManager:220 - loadIPPluginJar : add stm32_wpan
2024-05-15 19:14:29,655 [INFO] IPUIPlugin:80 - create IPUIPlugin
2024-05-15 19:14:29,655 [INFO] PluginManager:220 - loadIPPluginJar : add tim
2024-05-15 19:14:29,658 [INFO] IPUIPlugin:80 - create IPUIPlugin
2024-05-15 19:14:29,659 [INFO] PluginManager:220 - loadIPPluginJar : add touchsensing
2024-05-15 19:14:29,660 [INFO] IPUIPlugin:80 - create IPUIPlugin
2024-05-15 19:14:29,661 [INFO] PluginManager:220 - loadIPPluginJar : add tracer_emb
2024-05-15 19:14:29,662 [INFO] IPUIPlugin:80 - create IPUIPlugin
2024-05-15 19:14:29,662 [INFO] PluginManager:220 - loadIPPluginJar : add ts
2024-05-15 19:14:29,663 [INFO] IPUIPlugin:80 - create IPUIPlugin
2024-05-15 19:14:29,664 [INFO] PluginManager:220 - loadIPPluginJar : add tsc
2024-05-15 19:14:29,665 [INFO] IPUIPlugin:80 - create IPUIPlugin
2024-05-15 19:14:29,665 [INFO] PluginManager:220 - loadIPPluginJar : add ucpd
2024-05-15 19:14:29,668 [INFO] IPUIPlugin:80 - create IPUIPlugin
2024-05-15 19:14:29,668 [INFO] PluginManager:220 - loadIPPluginJar : add usart
2024-05-15 19:14:29,672 [INFO] IPUIPlugin:80 - create IPUIPlugin
2024-05-15 19:14:29,672 [INFO] PluginManager:220 - loadIPPluginJar : add usbx
2024-05-15 19:14:29,816 [INFO] CADModel:165 - CPN selected for project level
2024-05-15 19:14:29,816 [INFO] CADModel:114 - Register for checkConnection events
2024-05-15 19:14:29,817 [FATAL] Updater:308 - Updater called before beeing initialized
2024-05-15 19:14:29,817 [ERROR] CADModel:125 - Updater not yet initialized, retry later 
2024-05-15 19:14:30,153 [INFO] CADModel:165 - CPN selected for project level
2024-05-15 19:14:30,153 [INFO] CADModel:114 - Register for checkConnection events
2024-05-15 19:14:30,153 [FATAL] Updater:308 - Updater called before beeing initialized
2024-05-15 19:14:30,154 [ERROR] CADModel:125 - Updater not yet initialized, retry later 
2024-05-15 19:14:30,157 [FATAL] Updater:308 - Updater called before beeing initialized
2024-05-15 19:14:30,296 [FATAL] Updater:308 - Updater called before beeing initialized
2024-05-15 19:14:30,303 [INFO] DbMcusAds:53 - JSON generation date=Wed Nov 29 18:52:27 CST 2023 (1701255147349)
2024-05-15 19:14:30,304 [FATAL] Updater:308 - Updater called before beeing initialized
2024-05-15 19:14:30,378 [WARN] DetailPanel:346 - Failed to get advertising image, set to default
2024-05-15 19:14:30,515 [FATAL] Updater:308 - Updater called before beeing initialized
2024-05-15 19:14:30,517 [FATAL] Updater:308 - Updater called before beeing initialized
2024-05-15 19:14:30,517 [FATAL] Updater:308 - Updater called before beeing initialized
2024-05-15 19:14:30,518 [WARN] DetailPanel:346 - Failed to get advertising image, set to default
2024-05-15 19:14:30,519 [FATAL] Updater:308 - Updater called before beeing initialized
2024-05-15 19:14:30,594 [ERROR] Updater:1120 - MainUpdater not yet initialized. External WinMGr cannot be set.
2024-05-15 19:14:30,610 [INFO] Updater:1056 - Updater Version found : 6.9.2
2024-05-15 19:14:30,631 [INFO] ApplicationProperties:184 - Using Application install path: F:\biyesheji\STM32CubeIDE_1.13.2\STM32CubeIDE\plugins\com.st.stm32cube.common.mx_6.9.2.202309101412
2024-05-15 19:14:30,837 [INFO] MainUpdater:2868 - connection check result : 10
2024-05-15 19:14:30,838 [INFO] MainUpdater:285 - Updater Check For Update Now.
2024-05-15 19:14:30,838 [INFO] MicroXplorer:498 - Change Database Version : DB.6.0.92
2024-05-15 19:14:30,863 [INFO] McuFinderGlobals:63 - Set McuFinder mode to 2 (CubeIDE integrated)
2024-05-15 19:14:30,863 [INFO] UserAuth:179 - activating auth plugin
2024-05-15 19:14:30,866 [INFO] UserAuth:393 - Internet connection configuration mode: 1
2024-05-15 19:14:30,927 [INFO] JxBrowserEngine:151 - Initiate JxBrowser Engine with user profile folder
2024-05-15 19:14:31,105 [INFO] CheckServerUpdateThread:120 - End of CheckServer Thread
2024-05-15 19:14:31,954 [WARN] PackLoader:240 - Cannot read IP mode file for STMicroelectronics.FP-SNS-MOTENVWB1.1.4.0
2024-05-15 19:14:31,968 [WARN] PackLoader:240 - Cannot read IP mode file for STMicroelectronics.X-CUBE-SMBUS.2.1.0
2024-05-15 19:14:31,976 [WARN] PackLoader:240 - Cannot read IP mode file for STMicroelectronics.X-CUBE-TOUCHGFX.4.23.1
2024-05-15 19:14:31,981 [WARN] PackLoader:240 - Cannot read IP mode file for STMicroelectronics.X-CUBE-TOUCHGFX.4.23.0
2024-05-15 19:14:31,985 [WARN] PackLoader:240 - Cannot read IP mode file for STMicroelectronics.X-CUBE-TOUCHGFX.4.23.2
2024-05-15 19:14:32,044 [WARN] PackLoader:240 - Cannot read IP mode file for STMicroelectronics.X-CUBE-AZRTOS-F7.1.1.0
2024-05-15 19:14:32,069 [WARN] PackLoader:240 - Cannot read IP mode file for STMicroelectronics.FP-SNS-MOTENV1.4.3.2
2024-05-15 19:14:32,088 [WARN] PackLoader:240 - Cannot read IP mode file for STMicroelectronics.FP-SNS-FLIGHT1.5.0.2
2024-05-15 19:14:32,112 [WARN] PackLoader:240 - Cannot read IP mode file for STMicroelectronics.X-CUBE-DISPLAY.3.0.0
2024-05-15 19:14:32,144 [WARN] PackLoader:240 - Cannot read IP mode file for STMicroelectronics.X-CUBE-BLE1.7.0.0
2024-05-15 19:14:32,161 [WARN] PackLoader:240 - Cannot read IP mode file for emotas.I-CUBE-CANOPEN.1.3.0
2024-05-15 19:14:32,193 [WARN] PackLoader:240 - Cannot read IP mode file for STMicroelectronics.X-CUBE-BLEMGR.3.1.0
2024-05-15 19:14:32,209 [WARN] PackLoader:240 - Cannot read IP mode file for STMicroelectronics.FP-SNS-SMARTAG2.1.2.0
2024-05-15 19:14:32,248 [INFO] LogOutputStream:77 - [STDOUT_REDIRECT] 1 : Invalid condition id : UX_CORESTACK_Condition cause : null
2024-05-15 19:14:32,249 [INFO] LogOutputStream:77 - [STDOUT_REDIRECT] 1 : Invalid condition id : UX_CORESTACK_Condition cause : null
2024-05-15 19:14:32,251 [INFO] LogOutputStream:77 - [STDOUT_REDIRECT] 1 : Invalid condition id : UX_CORESTACK_Condition cause : null
2024-05-15 19:14:32,254 [INFO] LogOutputStream:77 - [STDOUT_REDIRECT] 1 : Invalid condition id : UX_CORESTACK_Condition cause : null
2024-05-15 19:14:32,257 [INFO] LogOutputStream:77 - [STDOUT_REDIRECT] 1 : Invalid condition id : UX_CORESTACK_Condition cause : null
2024-05-15 19:14:32,264 [WARN] PackLoader:240 - Cannot read IP mode file for STMicroelectronics.X-CUBE-AZRTOS-WL.2.0.0
2024-05-15 19:14:32,275 [WARN] PackLoader:240 - Cannot read IP mode file for STMicroelectronics.FP-SNS-MOTENV1.5.0.0
2024-05-15 19:14:32,289 [WARN] PackLoader:240 - Cannot read IP mode file for STMicroelectronics.X-CUBE-BLE2.3.3.0
2024-05-15 19:14:32,305 [WARN] PackLoader:240 - Cannot read IP mode file for STMicroelectronics.X-CUBE-TCPP.4.1.0
2024-05-15 19:14:32,325 [WARN] PackLoader:240 - Cannot read IP mode file for STMicroelectronics.X-CUBE-ALGOBUILD.1.3.0
2024-05-15 19:14:32,363 [WARN] PackLoader:240 - Cannot read IP mode file for STMicroelectronics.X-CUBE-AZRTOS-G0.1.1.0
2024-05-15 19:14:32,380 [WARN] PackLoader:240 - Cannot read IP mode file for STMicroelectronics.X-CUBE-SAFEA1.1.2.2
2024-05-15 19:14:32,393 [WARN] PackLoader:240 - Cannot read IP mode file for STMicroelectronics.X-CUBE-NFC4.3.0.0
2024-05-15 19:14:32,404 [WARN] PackLoader:240 - Cannot read IP mode file for STMicroelectronics.FP-ATR-SIGFOX1.3.2.0
2024-05-15 19:14:32,417 [WARN] PackLoader:240 - Cannot read IP mode file for STMicroelectronics.X-CUBE-EEPRMA1.5.1.0
2024-05-15 19:14:32,447 [INFO] WebApp:157 - Instantiating new browser for Auth
2024-05-15 19:14:32,527 [WARN] PackLoader:240 - Cannot read IP mode file for SEGGER.I-CUBE-embOS.1.3.1
2024-05-15 19:14:32,692 [WARN] PackLoader:240 - Cannot read IP mode file for STMicroelectronics.X-CUBE-ALGOBUILD.1.4.0
2024-05-15 19:14:32,711 [WARN] PackLoader:240 - Cannot read IP mode file for STMicroelectronics.X-CUBE-GNSS1.6.0.0
2024-05-15 19:14:32,762 [WARN] PackLoader:240 - Cannot read IP mode file for STMicroelectronics.X-CUBE-AZRTOS-F4.1.1.0
2024-05-15 19:14:32,850 [WARN] PackLoader:240 - Cannot read IP mode file for STMicroelectronics.X-CUBE-FREERTOS.1.2.0
2024-05-15 19:14:32,861 [WARN] PackLoader:240 - Cannot read IP mode file for wolfSSL.I-CUBE-wolfSSL.5.6.6
2024-05-15 19:14:32,908 [WARN] PackLoader:240 - Cannot read IP mode file for STMicroelectronics.X-CUBE-AZRTOS-L5.2.0.0
2024-05-15 19:14:32,927 [WARN] PackLoader:240 - Cannot read IP mode file for STMicroelectronics.X-CUBE-NFC6.3.1.0
2024-05-15 19:14:32,941 [WARN] PackLoader:240 - Cannot read IP mode file for ITTIA_DB.I-CUBE-ITTIADB.8.8.0
2024-05-15 19:14:32,949 [WARN] PackLoader:240 - Cannot read IP mode file for STMicroelectronics.X-CUBE-AI.9.0.0
2024-05-15 19:14:32,962 [WARN] PackLoader:240 - Cannot read IP mode file for STMicroelectronics.X-CUBE-NFC7.1.0.1
2024-05-15 19:14:32,977 [WARN] PackLoader:240 - Cannot read IP mode file for STMicroelectronics.X-CUBE-NFC6.3.0.0
2024-05-15 19:14:32,987 [WARN] PackLoader:240 - Cannot read IP mode file for STMicroelectronics.X-CUBE-AI.8.1.0
2024-05-15 19:14:33,053 [WARN] ConditionMgr:438 - getConditionDescription Invalid condition id : LAN8742 Phy interface Condition cause : null
2024-05-15 19:14:33,054 [WARN] PackLoader:240 - Cannot read IP mode file for STMicroelectronics.X-CUBE-AZRTOS-L4.2.0.0
2024-05-15 19:14:33,057 [WARN] ConditionMgr:1039 - genDependencies : Invalid condition id : LAN8742 Phy interface Condition cause : null
2024-05-15 19:14:33,057 [WARN] ConditionMgr:1039 - genDependencies : Invalid condition id : LAN8742 Phy interface Condition cause : null
2024-05-15 19:14:33,058 [WARN] ConditionMgr:1039 - genDependencies : Invalid condition id : LAN8742 Phy interface Condition cause : null
2024-05-15 19:14:33,074 [WARN] PackLoader:240 - Cannot read IP mode file for STMicroelectronics.X-CUBE-SFXS2LP1.4.0.0
2024-05-15 19:14:33,099 [WARN] ConditionMgr:438 - getConditionDescription Invalid condition id : UX DEVICE CLASS RTOS Condition cause : null
2024-05-15 19:14:33,099 [WARN] ConditionMgr:438 - getConditionDescription Invalid condition id : UX DEVICE CLASS RTOS Condition cause : null
2024-05-15 19:14:33,104 [WARN] PackLoader:240 - Cannot read IP mode file for STMicroelectronics.X-CUBE-AZRTOS-WB.2.0.0
2024-05-15 19:14:33,105 [WARN] ConditionMgr:1039 - genDependencies : Invalid condition id : UX DEVICE CLASS RTOS Condition cause : null
2024-05-15 19:14:33,105 [WARN] ConditionMgr:1039 - genDependencies : Invalid condition id : UX DEVICE CLASS RTOS Condition cause : null
2024-05-15 19:14:33,106 [WARN] ConditionMgr:1039 - genDependencies : Invalid condition id : UX DEVICE CLASS RTOS Condition cause : null
2024-05-15 19:14:33,106 [WARN] ConditionMgr:1039 - genDependencies : Invalid condition id : UX DEVICE CLASS RTOS Condition cause : null
2024-05-15 19:14:33,106 [WARN] ConditionMgr:1039 - genDependencies : Invalid condition id : UX DEVICE CLASS RTOS Condition cause : null
2024-05-15 19:14:33,123 [WARN] PackLoader:240 - Cannot read IP mode file for STMicroelectronics.X-CUBE-SUBG2.5.0.0
2024-05-15 19:14:33,156 [WARN] PackLoader:240 - Cannot read IP mode file for STMicroelectronics.X-CUBE-AZRTOS-G4.2.0.0
2024-05-15 19:14:33,169 [WARN] PackLoader:240 - Cannot read IP mode file for STMicroelectronics.FP-SNS-MOTENVWB1.1.3.1
2024-05-15 19:14:33,176 [WARN] PackLoader:240 - Cannot read IP mode file for STMicroelectronics.X-CUBE-ISPU.2.0.0
2024-05-15 19:14:33,242 [WARN] PackLoader:240 - Cannot read IP mode file for STMicroelectronics.X-CUBE-MEMS1.10.0.0
2024-05-15 19:14:33,629 [WARN] PackLoader:240 - Cannot read IP mode file for STMicroelectronics.X-CUBE-FREERTOS.1.1.0
2024-05-15 19:14:33,641 [WARN] PackLoader:240 - Cannot read IP mode file for portGmbH.I-Cube-SoM-uGOAL.1.1.0
2024-05-15 19:14:33,651 [WARN] PackLoader:240 - Cannot read IP mode file for STMicroelectronics.X-CUBE-ALS.1.0.1
2024-05-15 19:14:33,687 [WARN] PackLoader:240 - Cannot read IP mode file for STMicroelectronics.X-CUBE-AZRTOS-H7RS.1.0.0
2024-05-15 19:14:33,698 [WARN] PackLoader:240 - Cannot read IP mode file for STMicroelectronics.FP-ATR-ASTRA1.2.0.0
2024-05-15 19:14:33,722 [WARN] PackLoader:240 - Cannot read IP mode file for STMicroelectronics.X-CUBE-TOF1.3.4.0
2024-05-15 19:14:33,760 [WARN] PackLoader:240 - Cannot read IP mode file for STMicroelectronics.X-CUBE-TOF1.3.4.1
2024-05-15 19:14:33,828 [WARN] PackLoader:240 - Cannot read IP mode file for STMicroelectronics.X-CUBE-AZRTOS-H7.3.2.0
2024-05-15 19:14:33,835 [INFO] ThirdParty:978 - Integrity check success = true
2024-05-15 19:14:33,835 [INFO] IntegrityCheckThread:100 - exiting critical section [integrity check]
2024-05-15 19:14:33,835 [INFO] IntegrityCheckThread:103 - End integrity checks thread
2024-05-15 19:14:34,030 [INFO] WebApp:753 - Register for checkConnection events
2024-05-15 19:14:34,031 [INFO] WebApp:390 - Apply proxy settings
2024-05-15 19:14:34,031 [INFO] WebApp:475 - Chromium requires no authentication
2024-05-15 19:14:34,048 [INFO] WebApp:418 - Direct internet connection detected
2024-05-15 19:14:34,445 [INFO] WebApp:188 - Starting web application
2024-05-15 19:14:34,445 [INFO] WebApp:520 - Web application path used F:\biyesheji\STM32CubeIDE_1.13.2\STM32CubeIDE\plugins\com.st.stm32cube.common.mx_6.9.2.202309101412\db\plugins\mcufinder\reactClient1\index.html
2024-05-15 19:14:55,363 [ERROR] LogOutputStream:75 - [STDERR_REDIRECT] SLF4J: Failed to load class "org.slf4j.impl.StaticLoggerBinder".
2024-05-15 19:14:55,364 [ERROR] LogOutputStream:75 - [STDERR_REDIRECT] SLF4J: Defaulting to no-operation (NOP) logger implementation
2024-05-15 19:14:55,366 [ERROR] LogOutputStream:75 - [STDERR_REDIRECT] SLF4J: See http://www.slf4j.org/codes.html#StaticLoggerBinder for further details.
